Using pre-set license
Built from '2020.3/staging' branch; Version is '2020.3.4f1 (0abb6314276a) revision 703331'; Using compiler version '192528614'; Build Type 'Release'
OS: 'Windows 10 Home; OS build 19041.928; Version 2004; 64bit' Language: 'en' Physical Memory: 8107 MB
BatchMode: 1, IsHumanControllingUs: 0, StartBugReporterOnCrash: 0, Is64bit: 1, IsPro: 0

 COMMAND LINE ARGUMENTS:
C:\Program Files\Unity\Hub\Editor\2020.3.4f1\Editor\Unity.exe
-adb2
-batchMode
-noUpm
-name
AssetImportWorker0
-projectPath
C:/Users/aaryan/RocketGame
-logFile
Logs/AssetImportWorker0.log
-srvPort
54316
Successfully changed project path to: C:/Users/aaryan/RocketGame
C:/Users/aaryan/RocketGame
Using Asset Import Pipeline V2.
Refreshing native plugins compatible for Editor in 106.11 ms, found 1 plugins.
Preloading 0 native plugins for Editor in 0.00 ms.
Initialize engine version: 2020.3.4f1 (0abb6314276a)
[Subsystems] Discovering subsystems at path C:/Program Files/Unity/Hub/Editor/2020.3.4f1/Editor/Data/Resources/UnitySubsystems
[Subsystems] Discovering subsystems at path C:/Users/aaryan/RocketGame/Assets
GfxDevice: creating device client; threaded=0
Direct3D:
    Version:  Direct3D 11.0 [level 11.1]
    Renderer: Intel(R) UHD Graphics 620 (ID=0x5917)
    Vendor:   
    VRAM:     4053 MB
    Driver:   27.20.100.9171
Initialize mono
Mono path[0] = 'C:/Program Files/Unity/Hub/Editor/2020.3.4f1/Editor/Data/Managed'
Mono path[1] = 'C:/Program Files/Unity/Hub/Editor/2020.3.4f1/Editor/Data/MonoBleedingEdge/lib/mono/unityjit'
Mono config path = 'C:/Program Files/Unity/Hub/Editor/2020.3.4f1/Editor/Data/MonoBleedingEdge/etc'
Using monoOptions --debugger-agent=transport=dt_socket,embedding=1,server=y,suspend=n,address=127.0.0.1:56892
Begin MonoManager ReloadAssembly
Registering precompiled unity dll's ...
Register platform support module: C:/Program Files/Unity/Hub/Editor/2020.3.4f1/Editor/Data/PlaybackEngines/WindowsStandaloneSupport/UnityEditor.WindowsStandalone.Extensions.dll
Registered in 0.006875 seconds.
Native extension for WindowsStandalone target not found
Refreshing native plugins compatible for Editor in 108.01 ms, found 1 plugins.
Preloading 0 native plugins for Editor in 0.00 ms.
Mono: successfully reloaded assembly
- Completed reload, in  2.734 seconds
Platform modules already initialized, skipping
Registering precompiled user dll's ...
Registered in 0.016418 seconds.
Begin MonoManager ReloadAssembly
Native extension for WindowsStandalone target not found
Refreshing native plugins compatible for Editor in 133.60 ms, found 1 plugins.
Preloading 0 native plugins for Editor in 0.00 ms.
Can't find custom attr constructor image: C:\Users\aaryan\RocketGame\Library\PackageCache\com.unity.ads@3.4.4\Editor\UnityEditor.Advertisements.dll mtoken: 0x0a00000f due to:  assembly:C:\Program Files\Unity\Hub\Editor\2020.3.4f1\Editor\Data\Managed\UnityEngine\UnityEngine.CoreModule.dll type:UnityAPICompatibilityVersionAttribute member:void {0}(string,string[]) signature:.ctor
Mono: successfully reloaded assembly
- Completed reload, in  1.851 seconds
Platform modules already initialized, skipping
========================================================================
Worker process is ready to serve import requests
Launched and connected shader compiler UnityShaderCompiler.exe after 0.09 seconds
Refreshing native plugins compatible for Editor in 1.14 ms, found 1 plugins.
Preloading 0 native plugins for Editor in 0.00 ms.
Unloading 2205 Unused Serialized files (Serialized files now loaded: 0)
System memory in use before: 96.2 MB.
System memory in use after: 96.2 MB.

Unloading 50 unused Assets to reduce memory usage. Loaded Objects now: 2624.
Total: 4.163400 ms (FindLiveObjects: 0.514100 ms CreateObjectMapping: 0.194800 ms MarkObjects: 3.259800 ms  DeleteObjects: 0.192900 ms)

========================================================================
Received Import Request.
  path: Assets/Prefabs
  artifactKey: Guid(c770c1253e47649aaae1456ab23854ad) Importer(815301076,1909f56bfc062723c751e8b465ee728b)
Start importing Assets/Prefabs using Guid(c770c1253e47649aaae1456ab23854ad) Importer(815301076,1909f56bfc062723c751e8b465ee728b)  -> (artifact id: 'f7c0e1bc352e38ae9727a6b08129ca71') in 0.046805 seconds
  Import took 0.066366 seconds .

========================================================================
Received Import Request.
  Time since last request: 1.408262 seconds.
  path: Assets/Prefabs/Particles/P_Flame.prefab
  artifactKey: Guid(cf6d7a525a8804494a7a6c45483273ba) Importer(815301076,1909f56bfc062723c751e8b465ee728b)
Start importing Assets/Prefabs/Particles/P_Flame.prefab using Guid(cf6d7a525a8804494a7a6c45483273ba) Importer(815301076,1909f56bfc062723c751e8b465ee728b)  -> (artifact id: '797bddc637d62b890e7cac48708a8edd') in 0.043954 seconds
  Import took 0.048734 seconds .

========================================================================
Received Import Request.
  Time since last request: 0.038955 seconds.
  path: Assets/Prefabs/Particles/P_Flame.prefab
  artifactKey: Guid(cf6d7a525a8804494a7a6c45483273ba) Importer(815301076,1909f56bfc062723c751e8b465ee728b)
Start importing Assets/Prefabs/Particles/P_Flame.prefab using Guid(cf6d7a525a8804494a7a6c45483273ba) Importer(815301076,1909f56bfc062723c751e8b465ee728b)  -> (artifact id: '797bddc637d62b890e7cac48708a8edd') in 0.005533 seconds
  Import took 0.022457 seconds .

========================================================================
Received Import Request.
  Time since last request: 0.023301 seconds.
  path: Assets/_INTERNAL_/Materials/Flame.mat
  artifactKey: Guid(0204b6e04c9fa4f08852af6140284ffc) Importer(815301076,1909f56bfc062723c751e8b465ee728b)
Start importing Assets/_INTERNAL_/Materials/Flame.mat using Guid(0204b6e04c9fa4f08852af6140284ffc) Importer(815301076,1909f56bfc062723c751e8b465ee728b)  -> (artifact id: 'b1333dbf7b88e57d07f82ca0351ff40f') in 0.146380 seconds
  Import took 0.152523 seconds .

========================================================================
Received Import Request.
  Time since last request: 25.544918 seconds.
  path: Assets/_INTERNAL_/Materials/CircleAdditive.mat
  artifactKey: Guid(4ce82b154003c42db9e9504b42fea471) Importer(815301076,1909f56bfc062723c751e8b465ee728b)
Start importing Assets/_INTERNAL_/Materials/CircleAdditive.mat using Guid(4ce82b154003c42db9e9504b42fea471) Importer(815301076,1909f56bfc062723c751e8b465ee728b)  -> (artifact id: 'aed4734139ff3f58fdbf06387708fdd1') in 0.082681 seconds
  Import took 0.089276 seconds .

========================================================================
Received Import Request.
  Time since last request: 0.027606 seconds.
  path: Assets/_INTERNAL_/Materials/CircleAdditive.mat
  artifactKey: Guid(4ce82b154003c42db9e9504b42fea471) Importer(815301076,1909f56bfc062723c751e8b465ee728b)
Start importing Assets/_INTERNAL_/Materials/CircleAdditive.mat using Guid(4ce82b154003c42db9e9504b42fea471) Importer(815301076,1909f56bfc062723c751e8b465ee728b)  -> (artifact id: 'aed4734139ff3f58fdbf06387708fdd1') in 0.021137 seconds
  Import took 0.030776 seconds .

========================================================================
Received Prepare
Registering precompiled user dll's ...
Registered in 0.012702 seconds.
Begin MonoManager ReloadAssembly
Native extension for WindowsStandalone target not found
Refreshing native plugins compatible for Editor in 0.93 ms, found 1 plugins.
Preloading 0 native plugins for Editor in 0.00 ms.
Can't find custom attr constructor image: C:\Users\aaryan\RocketGame\Library\PackageCache\com.unity.ads@3.4.4\Editor\UnityEditor.Advertisements.dll mtoken: 0x0a00000f due to:  assembly:C:\Program Files\Unity\Hub\Editor\2020.3.4f1\Editor\Data\Managed\UnityEngine\UnityEngine.CoreModule.dll type:UnityAPICompatibilityVersionAttribute member:void {0}(string,string[]) signature:.ctor
Mono: successfully reloaded assembly
- Completed reload, in  1.748 seconds
Platform modules already initialized, skipping
Refreshing native plugins compatible for Editor in 0.88 ms, found 1 plugins.
Preloading 0 native plugins for Editor in 0.00 ms.
Unloading 2199 Unused Serialized files (Serialized files now loaded: 0)
System memory in use before: 99.4 MB.
System memory in use after: 99.4 MB.

Unloading 38 unused Assets to reduce memory usage. Loaded Objects now: 2670.
Total: 3.699000 ms (FindLiveObjects: 0.597700 ms CreateObjectMapping: 0.231700 ms MarkObjects: 2.661700 ms  DeleteObjects: 0.205800 ms)

========================================================================
Received Prepare
Registering precompiled user dll's ...
Registered in 0.009161 seconds.
Begin MonoManager ReloadAssembly
Native extension for WindowsStandalone target not found
Refreshing native plugins compatible for Editor in 0.81 ms, found 1 plugins.
Preloading 0 native plugins for Editor in 0.00 ms.
Can't find custom attr constructor image: C:\Users\aaryan\RocketGame\Library\PackageCache\com.unity.ads@3.4.4\Editor\UnityEditor.Advertisements.dll mtoken: 0x0a00000f due to:  assembly:C:\Program Files\Unity\Hub\Editor\2020.3.4f1\Editor\Data\Managed\UnityEngine\UnityEngine.CoreModule.dll type:UnityAPICompatibilityVersionAttribute member:void {0}(string,string[]) signature:.ctor
Mono: successfully reloaded assembly
- Completed reload, in  1.153 seconds
Platform modules already initialized, skipping
Refreshing native plugins compatible for Editor in 0.62 ms, found 1 plugins.
Preloading 0 native plugins for Editor in 0.00 ms.
Unloading 2199 Unused Serialized files (Serialized files now loaded: 0)
System memory in use before: 99.5 MB.
System memory in use after: 99.4 MB.

Unloading 38 unused Assets to reduce memory usage. Loaded Objects now: 2674.
Total: 6.091900 ms (FindLiveObjects: 0.541000 ms CreateObjectMapping: 0.179700 ms MarkObjects: 5.116100 ms  DeleteObjects: 0.251800 ms)

========================================================================
Received Prepare
Registering precompiled user dll's ...
Registered in 0.013800 seconds.
Begin MonoManager ReloadAssembly
Native extension for WindowsStandalone target not found
Refreshing native plugins compatible for Editor in 1.01 ms, found 1 plugins.
Preloading 0 native plugins for Editor in 0.00 ms.
Can't find custom attr constructor image: C:\Users\aaryan\RocketGame\Library\PackageCache\com.unity.ads@3.4.4\Editor\UnityEditor.Advertisements.dll mtoken: 0x0a00000f due to:  assembly:C:\Program Files\Unity\Hub\Editor\2020.3.4f1\Editor\Data\Managed\UnityEngine\UnityEngine.CoreModule.dll type:UnityAPICompatibilityVersionAttribute member:void {0}(string,string[]) signature:.ctor
Mono: successfully reloaded assembly
- Completed reload, in  1.518 seconds
Platform modules already initialized, skipping
Refreshing native plugins compatible for Editor in 0.73 ms, found 1 plugins.
Preloading 0 native plugins for Editor in 0.00 ms.
Unloading 2199 Unused Serialized files (Serialized files now loaded: 0)
System memory in use before: 99.5 MB.
System memory in use after: 99.5 MB.

Unloading 38 unused Assets to reduce memory usage. Loaded Objects now: 2678.
Total: 3.617400 ms (FindLiveObjects: 0.367900 ms CreateObjectMapping: 0.137700 ms MarkObjects: 2.895100 ms  DeleteObjects: 0.214800 ms)

========================================================================
Received Prepare
Registering precompiled user dll's ...
Registered in 0.015554 seconds.
Begin MonoManager ReloadAssembly
Native extension for WindowsStandalone target not found
Refreshing native plugins compatible for Editor in 1.50 ms, found 1 plugins.
Preloading 0 native plugins for Editor in 0.00 ms.
Can't find custom attr constructor image: C:\Users\aaryan\RocketGame\Library\PackageCache\com.unity.ads@3.4.4\Editor\UnityEditor.Advertisements.dll mtoken: 0x0a00000f due to:  assembly:C:\Program Files\Unity\Hub\Editor\2020.3.4f1\Editor\Data\Managed\UnityEngine\UnityEngine.CoreModule.dll type:UnityAPICompatibilityVersionAttribute member:void {0}(string,string[]) signature:.ctor
Mono: successfully reloaded assembly
- Completed reload, in  1.664 seconds
Platform modules already initialized, skipping
Refreshing native plugins compatible for Editor in 0.97 ms, found 1 plugins.
Preloading 0 native plugins for Editor in 0.00 ms.
Unloading 2199 Unused Serialized files (Serialized files now loaded: 0)
System memory in use before: 99.6 MB.
System memory in use after: 99.5 MB.

Unloading 38 unused Assets to reduce memory usage. Loaded Objects now: 2682.
Total: 3.979800 ms (FindLiveObjects: 0.720300 ms CreateObjectMapping: 0.186500 ms MarkObjects: 2.854100 ms  DeleteObjects: 0.216600 ms)

========================================================================
Received Import Request.
  Time since last request: 2884.207780 seconds.
  path: Assets/Images/Projectiles
  artifactKey: Guid(6136a481ae2160a4e90b20656445c9fa) Importer(815301076,1909f56bfc062723c751e8b465ee728b)
Start importing Assets/Images/Projectiles using Guid(6136a481ae2160a4e90b20656445c9fa) Importer(815301076,1909f56bfc062723c751e8b465ee728b)  -> (artifact id: '055842c5a4d30244d79c18e974ea1271') in 0.041561 seconds
  Import took 0.049517 seconds .

========================================================================
Received Import Request.
  Time since last request: 8.477182 seconds.
  path: Assets/Images/Projectiles/Bullet.png
  artifactKey: Guid(736926dec756dbd46b05ce09b329b00a) Importer(815301076,1909f56bfc062723c751e8b465ee728b)
Start importing Assets/Images/Projectiles/Bullet.png using Guid(736926dec756dbd46b05ce09b329b00a) Importer(815301076,1909f56bfc062723c751e8b465ee728b)  -> (artifact id: 'd15dbea98f8cd796e73c9374d7190dae') in 0.163466 seconds
  Import took 0.171497 seconds .

========================================================================
Received Import Request.
  Time since last request: 6.261258 seconds.
  path: Assets/Images/Projectiles/EnergySphere.png
  artifactKey: Guid(b693c52132cc261459f795e79799326b) Importer(815301076,1909f56bfc062723c751e8b465ee728b)
Start importing Assets/Images/Projectiles/EnergySphere.png using Guid(b693c52132cc261459f795e79799326b) Importer(815301076,1909f56bfc062723c751e8b465ee728b)  -> (artifact id: '64803dab9361bb5ad8c7e82e88adaf33') in 0.030810 seconds
  Import took 0.036981 seconds .

========================================================================
Received Import Request.
  Time since last request: 594.809758 seconds.
  path: Assets/Images/Spaceships
  artifactKey: Guid(ffd3b4fd9b0f88645a05f06862df9940) Importer(815301076,1909f56bfc062723c751e8b465ee728b)
Start importing Assets/Images/Spaceships using Guid(ffd3b4fd9b0f88645a05f06862df9940) Importer(815301076,1909f56bfc062723c751e8b465ee728b)  -> (artifact id: 'de8e4da427e2b9e6d7a92355bac2ed62') in 0.014399 seconds
  Import took 0.020727 seconds .

========================================================================
Received Import Request.
  Time since last request: 371.639817 seconds.
  path: Assets/Prefabs/Bullet.prefab
  artifactKey: Guid(6a89394461b0848498186e6d3616ce0d) Importer(815301076,1909f56bfc062723c751e8b465ee728b)
Start importing Assets/Prefabs/Bullet.prefab using Guid(6a89394461b0848498186e6d3616ce0d) Importer(815301076,1909f56bfc062723c751e8b465ee728b)  -> (artifact id: '1bff452dfb0ceb67e123603a38de48b2') in 0.007816 seconds
  Import took 0.014466 seconds .

========================================================================
Received Prepare
Registering precompiled user dll's ...
Registered in 0.015417 seconds.
Begin MonoManager ReloadAssembly
Native extension for WindowsStandalone target not found
Refreshing native plugins compatible for Editor in 0.97 ms, found 1 plugins.
Preloading 0 native plugins for Editor in 0.00 ms.
Can't find custom attr constructor image: C:\Users\aaryan\RocketGame\Library\PackageCache\com.unity.ads@3.4.4\Editor\UnityEditor.Advertisements.dll mtoken: 0x0a00000f due to:  assembly:C:\Program Files\Unity\Hub\Editor\2020.3.4f1\Editor\Data\Managed\UnityEngine\UnityEngine.CoreModule.dll type:UnityAPICompatibilityVersionAttribute member:void {0}(string,string[]) signature:.ctor
Mono: successfully reloaded assembly
- Completed reload, in  1.682 seconds
Platform modules already initialized, skipping
Refreshing native plugins compatible for Editor in 0.74 ms, found 1 plugins.
Preloading 0 native plugins for Editor in 0.00 ms.
Unloading 2199 Unused Serialized files (Serialized files now loaded: 0)
System memory in use before: 99.7 MB.
System memory in use after: 99.7 MB.

Unloading 38 unused Assets to reduce memory usage. Loaded Objects now: 2693.
Total: 4.011300 ms (FindLiveObjects: 0.347900 ms CreateObjectMapping: 0.242100 ms MarkObjects: 3.231300 ms  DeleteObjects: 0.187900 ms)

